<?xml version="1.0" encoding="UTF-8"?>
<!-- Generated by org.testng.reporters.JUnitReportReporter -->
<testsuite hostname="LAPTOP-IDUH3UK1" failures="0" tests="1" name="com.assign.qa.testcases.SearchFlightsTest" time="8.169" errors="0" timestamp="19 May 2022 06:38:37 GMT" skipped="0">
  <testcase classname="com.assign.qa.testcases.SearchFlightsTest" name="searchForAFlight" time="8.169"/>
</testsuite> <!-- com.assign.qa.testcases.SearchFlightsTest -->
